mode: set
github.com/dxau-dev/marksDAM/openai/batch.go:91.26,95.2 1 0
github.com/dxau-dev/marksDAM/openai/batch.go:98.87,126.2 1 1
github.com/dxau-dev/marksDAM/openai/batch.go:129.58,132.31 3 1
github.com/dxau-dev/marksDAM/openai/batch.go:132.31,133.45 1 1
github.com/dxau-dev/marksDAM/openai/batch.go:133.45,135.4 1 0
github.com/dxau-dev/marksDAM/openai/batch.go:137.2,137.25 1 1
github.com/dxau-dev/marksDAM/openai/batch.go:141.89,146.16 2 0
github.com/dxau-dev/marksDAM/openai/batch.go:146.16,148.3 1 0
github.com/dxau-dev/marksDAM/openai/batch.go:149.2,149.21 1 0
github.com/dxau-dev/marksDAM/openai/batch.go:153.94,159.16 2 0
github.com/dxau-dev/marksDAM/openai/batch.go:159.16,161.3 1 0
github.com/dxau-dev/marksDAM/openai/batch.go:162.2,162.19 1 0
github.com/dxau-dev/marksDAM/openai/batch.go:166.87,168.16 2 0
github.com/dxau-dev/marksDAM/openai/batch.go:168.16,170.3 1 0
github.com/dxau-dev/marksDAM/openai/batch.go:171.2,171.19 1 0
github.com/dxau-dev/marksDAM/openai/batch.go:175.83,177.16 2 0
github.com/dxau-dev/marksDAM/openai/batch.go:177.16,179.3 1 0
github.com/dxau-dev/marksDAM/openai/batch.go:180.2,183.16 3 0
github.com/dxau-dev/marksDAM/openai/batch.go:183.16,185.3 1 0
github.com/dxau-dev/marksDAM/openai/batch.go:186.2,186.18 1 0
github.com/dxau-dev/marksDAM/openai/batch.go:190.61,193.6 3 1
github.com/dxau-dev/marksDAM/openai/batch.go:193.6,195.47 2 1
github.com/dxau-dev/marksDAM/openai/batch.go:195.47,196.21 1 1
github.com/dxau-dev/marksDAM/openai/batch.go:196.21,197.10 1 1
github.com/dxau-dev/marksDAM/openai/batch.go:199.4,199.64 1 1
github.com/dxau-dev/marksDAM/openai/batch.go:201.3,201.38 1 1
github.com/dxau-dev/marksDAM/openai/batch.go:203.2,203.23 1 1
github.com/dxau-dev/marksDAM/openai/batch.go:207.57,208.23 1 1
github.com/dxau-dev/marksDAM/openai/batch.go:208.23,210.3 1 1
github.com/dxau-dev/marksDAM/openai/batch.go:211.2,211.26 1 1
github.com/dxau-dev/marksDAM/openai/batch.go:211.26,213.3 1 1
github.com/dxau-dev/marksDAM/openai/batch.go:215.2,216.70 2 1
github.com/dxau-dev/marksDAM/openai/batch.go:216.70,218.3 1 0
github.com/dxau-dev/marksDAM/openai/batch.go:220.2,220.32 1 1
github.com/dxau-dev/marksDAM/openai/batch.go:220.32,222.3 1 1
github.com/dxau-dev/marksDAM/openai/batch.go:224.2,224.49 1 1
